#-----------------------------------------------------------
# Vivado v2020.1 (64-bit)
# SW Build 2902540 on Wed May 27 19:54:49 MDT 2020
# IP Build 2902112 on Wed May 27 22:43:36 MDT 2020
# Start of session at: Mon Jun 21 13:27:03 2021
# Process ID: 25708
# Current directory: C:/Users/sed/Documents/caf/cafetera
# Command line: vivado.exe -gui_launcher_event rodinguilauncherevent20556 C:\Users\sed\Documents\caf\cafetera\cafetera.xpr
# Log file: C:/Users/sed/Documents/caf/cafetera/vivado.log
# Journal file: C:/Users/sed/Documents/caf/cafetera\vivado.jou
#-----------------------------------------------------------
start_gui
open_project C:/Users/sed/Documents/caf/cafetera/cafetera.xpr
Scanning sources...
Finished scanning sources
INFO: [IP_Flow 19-234] Refreshing IP repositories
INFO: [IP_Flow 19-1704] No user IP repositories specified
INFO: [IP_Flow 19-2313] Loaded Vivado IP repository 'C:/Xilinx/Vivado/2020.1/data/ip'.
update_compile_order -fileset sources_1
exit
INFO: [Common 17-206] Exiting Vivado at Mon Jun 21 13:27:36 2021...
